{
  "RSpec": {
    "coverage": {
    },
    "timestamp": 1425871776
  },
  "Cucumber Features": {
    "coverage": {
      "/home/saasbook/Documents/EFF/healthy-eff/features/step_definitions/login_steps.rb": [
        1,
        0,
        0,
        null,
        null,
        null,
        1,
        1,
        1,
        1,
        1,
        null,
        null,
        1,
        null,
        null,
        null,
        null,
        null,
        null,
        null
      ]
    },
    "timestamp": 1425874202
  }
}
